Arguments: 
  C:\Program Files\nodejs\node.exe C:\Users\Abdul Salam Warwar\AppData\Roaming\npm\node_modules\yarn\bin\yarn.js add @nextui-org/react

PATH: 
  C:\WINDOWS\system32;C:\WINDOWS;C:\WINDOWS\System32\Wbem;C:\WINDOWS\System32\WindowsPowerShell\v1.0\;C:\WINDOWS\System32\OpenSSH\;C:\Users\Abdul Salam Warwar\AppData\Roaming\nvm;C:\Program Files\nodejs;C:\Program Files\Git\cmd;C:\Program Files\Microsoft SQL Server\150\Tools\Binn\;C:\Users\Abdul Salam Warwar\scoop\shims;C:\Users\Abdul Salam Warwar\AppData\Local\Microsoft\WindowsApps;C:\Users\Abdul Salam Warwar\AppData\Roaming\npm;C:\Users\Abdul Salam Warwar\AppData\Roaming\nvm;C:\Program Files\nodejs;C:\flutter-developement\flutter\bin;C:\Users\Abdul Salam Warwar\AppData\Local\Programs\Microsoft VS Code\bin

Yarn version: 
  1.22.19

Node version: 
  16.17.0

Platform: 
  win32 x64

Trace: 
  Error: connect ETIMEDOUT 104.16.20.35:443
      at TCPConnectWrap.afterConnect [as oncomplete] (node:net:1247:16)

npm manifest: 
  {
    "name": "e-commerce-dashboard",
    "version": "0.1.0",
    "private": true,
    "dependencies": {
      "@testing-library/jest-dom": "^5.16.5",
      "@testing-library/react": "^13.4.0",
      "@testing-library/user-event": "^13.5.0",
      "axios": "^1.1.2",
      "bootstrap": "^5.2.2",
      "react": "^18.2.0",
      "react-bootstrap": "^2.5.0",
      "react-dom": "^18.2.0",
      "react-scripts": "5.0.1",
      "video-react": "^0.15.0",
      "web-vitals": "^2.1.4"
    },
    "scripts": {
      "start": "react-scripts start",
      "build": "react-scripts build",
      "test": "react-scripts test",
      "eject": "react-scripts eject"
    },
    "eslintConfig": {
      "extends": [
        "react-app",
        "react-app/jest"
      ]
    },
    "browserslist": {
      "production": [
        ">0.2%",
        "not dead",
        "not op_mini all"
      ],
      "development": [
        "last 1 chrome version",
        "last 1 firefox version",
        "last 1 safari version"
      ]
    }
  }

yarn manifest: 
  No manifest

Lockfile: 
  No lockfile
